\BOOKMARK [0][-]{section*.2}{\376\377\000A\000b\000s\000t\000r\000a\000c\000t}{}% 1
\BOOKMARK [0][-]{section*.3}{\376\377\000A\000c\000k\000n\000o\000w\000l\000e\000d\000g\000e\000m\000e\000n\000t\000s}{}% 2
\BOOKMARK [0][-]{chapter*.5}{\376\377\000F\000o\000r\000e\000w\000o\000r\000d}{}% 3
\BOOKMARK [0][-]{chapter.6}{\376\377\000B\000u\000i\000l\000d\000i\000n\000g\000\040\000B\000l\000o\000c\000k\000s\000\040\000o\000f\000\040\000L\000o\000g\000i\000c}{}% 4
\BOOKMARK [1][-]{section.7}{\376\377\000C\000l\000a\000s\000s\000i\000c\000\040\000E\000l\000e\000c\000t\000r\000i\000c\000a\000l\000\040\000C\000i\000r\000c\000u\000i\000t\000s}{chapter.6}% 5
\BOOKMARK [2][-]{subsection.8}{\376\377\000S\000i\000g\000n\000a\000l\000\040\000T\000r\000a\000n\000s\000m\000i\000s\000s\000i\000o\000n}{section.7}% 6
\BOOKMARK [2][-]{subsection.9}{\376\377\000C\000l\000o\000c\000k\000\040\000a\000n\000d\000\040\000I\000n\000s\000t\000r\000u\000c\000t\000i\000o\000n\000\040\000C\000y\000c\000l\000e\000s}{section.7}% 7
\BOOKMARK [1][-]{section.10}{\376\377\000M\000i\000n\000e\000c\000r\000a\000f\000t\000\040\000C\000i\000r\000c\000u\000i\000t\000s}{chapter.6}% 8
\BOOKMARK [2][-]{subsection.11}{\376\377\000R\000e\000d\000s\000t\000o\000n\000e\000\040\000F\000u\000n\000d\000a\000m\000e\000n\000t\000a\000l\000s}{section.10}% 9
\BOOKMARK [2][-]{subsection.13}{\376\377\000T\000h\000e\000\040\000C\000o\000m\000p\000o\000n\000e\000n\000t\000s}{section.10}% 10
\BOOKMARK [2][-]{subsection.14}{\376\377\000E\000x\000a\000m\000p\000l\000e\000\040\000C\000i\000r\000c\000u\000i\000t\000s}{section.10}% 11
\BOOKMARK [0][-]{chapter.16}{\376\377\000D\000e\000s\000i\000g\000n}{}% 12
\BOOKMARK [1][-]{section.18}{\376\377\000L\000a\000y\000o\000u\000t\000\040\000a\000n\000d\000\040\000A\000r\000c\000h\000i\000t\000e\000c\000t\000u\000r\000e}{chapter.16}% 13
\BOOKMARK [2][-]{subsection.19}{\376\377\000O\000v\000e\000r\000v\000i\000e\000w}{section.18}% 14
\BOOKMARK [2][-]{subsection.20}{\376\377\000A\000r\000c\000h\000i\000t\000e\000c\000t\000u\000r\000e}{section.18}% 15
\BOOKMARK [1][-]{section.21}{\376\377\000C\000o\000m\000p\000o\000n\000e\000n\000t\000s}{chapter.16}% 16
\BOOKMARK [2][-]{subsection.22}{\376\377\000A\000r\000i\000t\000h\000m\000e\000t\000i\000c\000\040\000L\000o\000g\000i\000c\000\040\000U\000n\000i\000t}{section.21}% 17
\BOOKMARK [2][-]{subsection.33}{\376\377\000I\000n\000s\000t\000r\000u\000c\000t\000i\000o\000n\000\040\000U\000n\000i\000t}{section.21}% 18
\BOOKMARK [2][-]{subsection.36}{\376\377\000R\000e\000a\000d\000\040\000W\000r\000i\000t\000e\000\040\000A\000d\000d\000r\000e\000s\000s\000a\000b\000l\000e\000\040\000M\000e\000m\000o\000r\000y}{section.21}% 19
\BOOKMARK [2][-]{subsection.38}{\376\377\000P\000r\000o\000g\000r\000a\000m\000\040\000C\000o\000u\000n\000t\000e\000r}{section.21}% 20
\BOOKMARK [1][-]{section.41}{\376\377\000T\000i\000m\000i\000n\000g}{chapter.16}% 21
\BOOKMARK [2][-]{subsection.42}{\376\377\000T\000h\000e\000\040\000D\000a\000n\000g\000e\000r\000\040\000S\000i\000g\000n\000\040\000P\000r\000o\000b\000l\000e\000m}{section.41}% 22
\BOOKMARK [2][-]{subsection.48}{\376\377\000P\000r\000o\000g\000r\000a\000m\000\040\000C\000o\000u\000n\000t\000e\000r\000\040\000D\000i\000f\000f\000i\000c\000u\000l\000t\000i\000e\000s}{section.41}% 23
\BOOKMARK [1][-]{section.49}{\376\377\000I\000n\000s\000t\000r\000u\000c\000t\000i\000o\000n\000\040\000S\000e\000t}{chapter.16}% 24
\BOOKMARK [2][-]{subsection.51}{\376\377\000I\000n\000s\000t\000r\000u\000c\000t\000i\000o\000n\000\040\000S\000e\000t\000\040\000A\000r\000c\000h\000i\000t\000e\000c\000t\000u\000r\000e}{section.49}% 25
\BOOKMARK [2][-]{subsection.53}{\376\377\000A\000d\000d\000r\000e\000s\000s\000i\000n\000g\000\040\000M\000o\000d\000e\000s}{section.49}% 26
\BOOKMARK [2][-]{subsection.55}{\376\377\000E\000n\000c\000o\000d\000i\000n\000g\000\040\000t\000h\000e\000\040\000I\000n\000s\000t\000r\000u\000c\000t\000i\000o\000n\000\040\000S\000e\000t}{section.49}% 27
\BOOKMARK [1][-]{section.57}{\376\377\000U\000s\000e\000r\000\040\000I\000n\000t\000e\000r\000f\000a\000c\000e}{chapter.16}% 28
\BOOKMARK [2][-]{subsection.58}{\376\377\000C\000o\000n\000t\000r\000o\000l\000\040\000P\000a\000n\000e\000l}{section.57}% 29
\BOOKMARK [2][-]{subsection.60}{\376\377\000D\000i\000s\000c\000\040\000R\000e\000a\000d\000e\000r}{section.57}% 30
\BOOKMARK [2][-]{subsection.62}{\376\377\000A\000s\000s\000e\000m\000b\000l\000e\000r}{section.57}% 31
\BOOKMARK [2][-]{subsection.89}{\376\377\000B\000i\000n\000a\000r\000y\000\040\000F\000i\000l\000e\000\040\000t\000o\000\040\000M\000i\000n\000e\000c\000r\000a\000f\000t}{section.57}% 32
\BOOKMARK [0][-]{chapter.100}{\376\377\000R\000e\000s\000u\000l\000t\000s}{}% 33
\BOOKMARK [1][-]{section.101}{\376\377\000P\000r\000o\000g\000r\000a\000m\000s}{chapter.100}% 34
\BOOKMARK [2][-]{subsection.102}{\376\377\000F\000i\000b\000o\000n\000a\000c\000c\000i}{section.101}% 35
\BOOKMARK [2][-]{subsection.104}{\376\377\0008\000-\000b\000i\000t\000\040\000M\000u\000l\000t\000i\000p\000l\000i\000c\000a\000t\000i\000o\000n}{section.101}% 36
\BOOKMARK [2][-]{subsection.107}{\376\377\000L\000o\000g\000i\000s\000t\000i\000c\000\040\000M\000a\000p}{section.101}% 37
\BOOKMARK [1][-]{section.110}{\376\377\000S\000p\000e\000c\000i\000f\000i\000c\000a\000t\000i\000o\000n\000s}{chapter.100}% 38
\BOOKMARK [1][-]{section.112}{\376\377\000L\000i\000m\000i\000t\000a\000t\000i\000o\000n\000s\000\040\000a\000n\000d\000\040\000I\000m\000p\000r\000o\000v\000e\000m\000e\000n\000t\000s}{chapter.100}% 39
\BOOKMARK [2][-]{subsection.113}{\376\377\000T\000h\000e\000\040\000I\000n\000s\000t\000r\000u\000c\000t\000i\000o\000n\000\040\000D\000e\000s\000i\000g\000n}{section.112}% 40
\BOOKMARK [2][-]{subsection.115}{\376\377\000H\000a\000r\000d\000-\000c\000o\000d\000e\000d\000\040\000P\000o\000i\000n\000t\000e\000r}{section.112}% 41
\BOOKMARK [2][-]{subsection.116}{\376\377\000S\000t\000a\000c\000k}{section.112}% 42
\BOOKMARK [2][-]{subsection.117}{\376\377\000C\000o\000m\000p\000l\000e\000x\000i\000t\000y}{section.112}% 43
\BOOKMARK [0][-]{chapter.118}{\376\377\000A\000p\000p\000e\000n\000d\000i\000x}{}% 44
\BOOKMARK [1][-]{section.119}{\376\377\000R\000e\000s\000o\000u\000r\000c\000e\000s}{chapter.118}% 45
\BOOKMARK [2][-]{subsection.120}{\376\377\0008\000b\000i\000t\000-\000C\000P\000U\000-\000M\000i\000n\000e\000c\000r\000a\000f\000t\000\040\000R\000e\000p\000o\000s\000i\000t\000o\000r\000y}{section.119}% 46
\BOOKMARK [1][-]{section.121}{\376\377\000C\000o\000d\000e}{chapter.118}% 47
\BOOKMARK [2][-]{subsection.122}{\376\377\000A\000s\000s\000e\000m\000b\000l\000e\000r}{section.121}% 48
\BOOKMARK [2][-]{subsection.243}{\376\377\000B\000i\000n\000a\000r\000y\000\040\000T\000o\000\040\000S\000c\000h\000e\000m\000a\000t\000i\000c}{section.121}% 49
\BOOKMARK [1][-]{section.305}{\376\377\000P\000r\000o\000g\000r\000a\000m\000s}{chapter.118}% 50
\BOOKMARK [2][-]{subsection.306}{\376\377\000F\000i\000b\000o\000n\000a\000c\000c\000i}{section.305}% 51
\BOOKMARK [2][-]{subsection.320}{\376\377\000M\000u\000l\000t\000i\000p\000l\000i\000c\000a\000t\000i\000o\000n}{section.305}% 52
\BOOKMARK [2][-]{subsection.346}{\376\377\000L\000o\000g\000i\000s\000t\000i\000c\000\040\000M\000a\000p}{section.305}% 53
\BOOKMARK [0][-]{section*.399}{\376\377\000E\000i\000g\000e\000n\000s\000t\000\344\000n\000d\000i\000g\000k\000e\000i\000t\000s\000e\000r\000k\000l\000\344\000r\000u\000n\000g}{}% 54
